<?xml version="1.0" encoding="UTF-8"?>
<!-- Generated by org.testng.reporters.JUnitXMLReporter -->
<testsuite ignored="1" hostname="ankush-shukla" failures="0" tests="1" name="Surefire test" time="4.13" errors="0" timestamp="2025-06-30T10:07:28 IST">
  <testcase classname="com.test.PlayWrightTest" name="testPlaywrightHomepage" time="2.8"/>
  <testcase classname="com.test.PlayWrightTest" name="testPlaywrightGetStarted" time="0.0">
    <ignored/>
  </testcase> <!-- testPlaywrightGetStarted -->
</testsuite> <!-- Surefire test -->
