<?xml version="1.0" encoding="UTF-8"?>
<testng-results ignored="1" total="2" passed="1" failed="0" skipped="0">
  <reporter-output>
  </reporter-output>
  <suite started-at="2025-06-30T10:07:24 IST" name="Surefire suite" finished-at="2025-06-30T10:07:28 IST" duration-ms="4130">
    <groups>
    </groups>
    <test started-at="2025-06-30T10:07:24 IST" name="Surefire test" finished-at="2025-06-30T10:07:28 IST" duration-ms="4130">
      <class name="com.test.PlayWrightTest">
        <test-method is-config="true" signature="setUp()[pri:0, instance:com.test.PlayWrightTest@4c12331b]" started-at="2025-06-30T10:07:24 IST" name="setUp" finished-at="2025-06-30T10:07:26 IST" duration-ms="1191" status="PASS">
          <reporter-output>
          </reporter-output>
        </test-method> <!-- setUp -->
        <test-method signature="testPlaywrightHomepage()[pri:0, instance:com.test.PlayWrightTest@4c12331b]" started-at="2025-06-30T10:07:26 IST" name="testPlaywrightHomepage" description="Test Playwright.dev homepage title" finished-at="2025-06-30T10:07:28 IST" duration-ms="2800" status="PASS">
          <reporter-output>
          </reporter-output>
        </test-method> <!-- testPlaywrightHomepage -->
        <test-method is-config="true" signature="tearDown()[pri:0, instance:com.test.PlayWrightTest@4c12331b]" started-at="2025-06-30T10:07:28 IST" name="tearDown" finished-at="2025-06-30T10:07:28 IST" duration-ms="59" status="PASS">
          <reporter-output>
          </reporter-output>
        </test-method> <!-- tearDown -->
      </class> <!-- com.test.PlayWrightTest -->
    </test> <!-- Surefire test -->
  </suite> <!-- Surefire suite -->
</testng-results>
